

:::::::::::::::::::::::::::::::
Math::do_hello()...
helllo
Math2::do_hello("go:")...[hello -- go:]
Math2::do_hello()...       [hello you]
Math2::do_hello_c("go:")...[hello -- go:]
Math::say_hello()...
go: hi
adder(41,42)=       83
do_add(  )=         42
do_add(1.)=         3
do_add(1 )=         10
do_add(1.,2.)=      3
do_add(1, 2)=       10
do_add(1, 2)=       10
do_add(1, 2, 3)=    10
do_add(1, 2, 3, 4)= 10
--- testing panic ---
Recovered in test_panic_doadd: No match for overloaded function call
::bye.
